2025-05-03 21:26:06,833 [INFO] Pasif dinleme başlatılıyor...
2025-05-03 21:26:06,850 [INFO] Pasif dinleme başlatıldı... ('jarvis' komutunu bekliyor)
2025-05-03 21:26:10,880 [INFO] Pasif dinleme duydu: jarvis
2025-05-03 21:26:10,880 [INFO] WAKE WORD ALGILANDI: jarvis
2025-05-03 21:26:16,550 [INFO] Manuel dinleme başlatılıyor...
2025-05-03 21:26:17,051 [INFO] Dinleme thread'i başlatılıyor...
2025-05-03 21:26:17,051 [INFO] Dinleme başlatılıyor...
2025-05-03 21:26:17,173 [INFO] SoundDevice RawInputStream başlatılıyor...
2025-05-03 21:26:17,173 [INFO] Kullanılan mikrofon: Mikrofon (High Definition Audio
2025-05-03 21:26:17,173 [INFO] Örnekleme Hızı: 44100.0
2025-05-03 21:26:17,173 [INFO] Maksimum Giriş Kanalları: 2
2025-05-03 21:26:17,182 [INFO] Mikrofon akışı başlatıldı, dinleniyor...
2025-05-03 21:26:24,220 [INFO] Algılanan metin: müzik ay
2025-05-03 21:26:32,207 [INFO] Algılanan metin: evet
2025-05-03 21:26:38,710 [INFO] Algılanan metin: nasılsın
2025-05-03 21:26:53,210 [INFO] Algılanan metin: bana yırttın video açar mısın
2025-05-03 21:27:05,709 [INFO] Algılanan metin: kaldır st ray
2025-05-03 21:27:15,920 [INFO] Dinleme sonlandırılıyor...
2025-05-03 21:27:16,022 [INFO] Terminating border effect process...
2025-05-03 21:27:17,923 [INFO] Pasif dinleme başlatılıyor...
2025-05-03 21:27:17,932 [INFO] Pasif dinleme başlatıldı... ('jarvis' komutunu bekliyor)
2025-05-03 21:27:57,967 [INFO] Application closing, cleaning up resources...
2025-05-04 03:53:45,171 [INFO] Pasif dinleme başlatılıyor...
2025-05-04 03:53:45,244 [INFO] Pasif dinleme başlatıldı... ('jarvis' komutunu bekliyor)
2025-05-04 03:54:19,922 [INFO] Application closing, cleaning up resources...
2025-05-04 11:51:08,208 [INFO] Pasif dinleme başlatılıyor...
2025-05-04 11:51:08,208 [INFO] Applying audio device settings...
2025-05-04 11:51:08,241 [INFO] Pasif dinleme başlatıldı... ('jarvis' komutunu bekliyor)
2025-05-04 11:51:17,987 [INFO] Application closing, cleaning up resources...
2025-05-04 12:03:33,055 [INFO] Pasif dinleme başlatılıyor...
2025-05-04 12:03:33,055 [INFO] Applying audio device settings...
2025-05-04 12:03:33,093 [INFO] Pasif dinleme başlatıldı... ('jarvis' komutunu bekliyor)
2025-05-04 12:03:38,126 [INFO] Pasif dinleme duydu: jarvis
2025-05-04 12:03:38,126 [INFO] WAKE WORD ALGILANDI: jarvis
2025-05-04 12:03:43,548 [INFO] Manuel dinleme başlatılıyor...
2025-05-04 12:03:44,049 [INFO] Dinleme thread'i başlatılıyor...
2025-05-04 12:03:44,049 [INFO] Dinleme başlatılıyor...
2025-05-04 12:03:44,177 [INFO] SoundDevice RawInputStream başlatılıyor...
2025-05-04 12:03:44,177 [INFO] Kullanılan mikrofon: Mikrofon (High Definition Audio
2025-05-04 12:03:44,177 [INFO] Örnekleme Hızı: 44100.0
2025-05-04 12:03:44,178 [INFO] Maksimum Giriş Kanalları: 2
2025-05-04 12:03:44,187 [INFO] Mikrofon akışı başlatıldı, dinleniyor...
2025-05-04 12:03:46,545 [INFO] Application closing, cleaning up resources...
2025-05-04 12:03:46,545 [INFO] Terminating border effect process...
2025-05-04 12:30:30,307 [INFO] Pasif dinleme başlatılıyor...
2025-05-04 12:30:30,307 [INFO] Applying audio device settings...
2025-05-04 12:30:30,312 [ERROR] Error setting audio devices: maximum recursion depth exceeded while calling a Python object
2025-05-04 12:30:30,312 [ERROR] Pasif dinleme hatası: '_InputOutputPair' object has no attribute 'lower'
2025-05-04 12:34:15,214 [INFO] Application closing, cleaning up resources...
2025-05-04 12:38:25,116 [INFO] Pasif dinleme başlatılıyor...
2025-05-04 12:38:25,116 [INFO] Applying audio device settings...
2025-05-04 12:38:25,117 [INFO] Set default devices: input=1, output=5
2025-05-04 12:38:25,136 [INFO] Pasif dinleme başlatıldı... ('jarvis' komutunu bekliyor)
2025-05-04 12:38:49,001 [INFO] Applying audio device settings...
2025-05-04 12:38:49,002 [INFO] Set default devices: input=1, output=5
2025-05-04 12:38:49,836 [INFO] Application closing, cleaning up resources...
2025-05-04 12:44:05,013 [INFO] Pasif dinleme başlatılıyor...
2025-05-04 12:44:05,013 [INFO] Applying audio device settings...
2025-05-04 12:44:05,014 [INFO] Selected devices: input=1, output=5
2025-05-04 12:44:05,029 [INFO] Pasif dinleme başlatıldı... ('jarvis' komutunu bekliyor)
2025-05-04 12:44:09,582 [INFO] Applying audio device settings...
2025-05-04 12:44:09,582 [INFO] Selected devices: input=1, output=5
2025-05-04 12:44:09,601 [INFO] Applying audio device settings...
2025-05-04 12:44:09,601 [INFO] Selected devices: input=1, output=5
2025-05-04 12:44:11,310 [INFO] Manuel dinleme başlatılıyor...
2025-05-04 12:44:11,826 [INFO] Dinleme thread'i başlatılıyor...
2025-05-04 12:44:11,826 [INFO] Dinleme başlatılıyor...
2025-05-04 12:44:11,943 [INFO] SoundDevice RawInputStream başlatılıyor...
2025-05-04 12:44:11,943 [INFO] Kullanılan mikrofon: Mikrofon (High Definition Audio
2025-05-04 12:44:11,943 [INFO] Örnekleme Hızı: 44100.0
2025-05-04 12:44:11,943 [INFO] Maksimum Giriş Kanalları: 2
2025-05-04 12:44:11,954 [INFO] Mikrofon akışı başlatıldı, dinleniyor...
2025-05-04 12:44:17,515 [INFO] Algılanan metin: i̇ptal
2025-05-04 12:44:19,873 [INFO] Application closing, cleaning up resources...
2025-05-04 12:44:19,874 [INFO] Terminating border effect process...
2025-05-04 12:47:03,593 [INFO] Applying audio device settings...
2025-05-04 12:47:03,593 [INFO] Selected devices: input=1, output=5
2025-05-04 12:47:03,593 [INFO] Applying audio device settings...
2025-05-04 12:47:03,593 [INFO] Selected devices: input=1, output=5
2025-05-04 12:47:03,594 [INFO] Pasif dinleme başlatılıyor...
2025-05-04 12:47:03,612 [INFO] Pasif dinleme başlatıldı... ('jarvis' komutunu bekliyor)
2025-05-04 12:47:09,678 [INFO] Applying audio device settings...
2025-05-04 12:47:09,679 [INFO] Selected devices: input=1, output=5
2025-05-04 12:47:10,973 [INFO] Manuel dinleme başlatılıyor...
2025-05-04 12:47:11,487 [INFO] Dinleme thread'i başlatılıyor...
2025-05-04 12:47:11,487 [INFO] Dinleme başlatılıyor...
2025-05-04 12:47:11,605 [INFO] SoundDevice RawInputStream başlatılıyor...
2025-05-04 12:47:11,605 [INFO] Kullanılan mikrofon: Mikrofon (High Definition Audio
2025-05-04 12:47:11,605 [INFO] Örnekleme Hızı: 44100.0
2025-05-04 12:47:11,605 [INFO] Maksimum Giriş Kanalları: 2
2025-05-04 12:47:11,616 [INFO] Mikrofon akışı başlatıldı, dinleniyor...
2025-05-04 12:47:32,947 [INFO] Algılanan metin: kapat
2025-05-04 12:47:32,949 [INFO] Dinleme sonlandırılıyor...
2025-05-04 12:47:35,342 [INFO] Terminating border effect process...
2025-05-04 12:47:37,248 [INFO] Applying audio device settings...
2025-05-04 12:47:37,248 [INFO] Selected devices: input=1, output=5
2025-05-04 12:47:37,248 [INFO] Pasif dinleme başlatılıyor...
2025-05-04 12:47:37,260 [INFO] Pasif dinleme başlatıldı... ('jarvis' komutunu bekliyor)
2025-05-04 12:47:42,212 [INFO] Application closing, cleaning up resources...
2025-05-04 13:39:27,033 [INFO] Applying audio device settings...
2025-05-04 13:39:27,033 [INFO] Selected devices: input=1, output=5
2025-05-04 13:39:28,015 [INFO] Applying audio device settings...
2025-05-04 13:39:28,015 [INFO] Selected devices: input=1, output=5
2025-05-04 13:39:28,015 [INFO] Applying audio device settings...
2025-05-04 13:39:28,015 [INFO] Selected devices: input=1, output=5
2025-05-04 13:39:28,016 [INFO] Pasif dinleme başlatılıyor...
2025-05-04 13:39:28,016 [ERROR] Pasif dinleme hatası: Settings.get() takes 2 positional arguments but 3 were given
2025-05-04 13:39:39,448 [INFO] Applying audio device settings...
2025-05-04 13:39:39,448 [INFO] Selected devices: input=1, output=5
2025-05-04 13:39:40,402 [INFO] Application closing, cleaning up resources...
2025-05-04 13:40:09,528 [INFO] Applying audio device settings...
2025-05-04 13:40:09,528 [INFO] Selected devices: input=1, output=5
2025-05-04 13:40:09,528 [INFO] Applying audio device settings...
2025-05-04 13:40:09,529 [INFO] Selected devices: input=1, output=5
2025-05-04 13:40:09,529 [INFO] Pasif dinleme başlatılıyor...
2025-05-04 13:40:09,546 [INFO] Pasif dinleme başlatıldı... ('jarvis' komutunu bekliyor)
2025-05-04 13:40:14,360 [INFO] Applying audio device settings...
2025-05-04 13:40:14,360 [INFO] Selected devices: input=1, output=5
2025-05-04 13:40:14,792 [INFO] Manuel dinleme başlatılıyor...
2025-05-04 13:40:15,300 [INFO] Dinleme thread'i başlatılıyor...
2025-05-04 13:40:15,300 [INFO] Dinleme başlatılıyor...
2025-05-04 13:40:15,424 [INFO] SoundDevice RawInputStream başlatılıyor...
2025-05-04 13:40:15,425 [INFO] Kullanılan mikrofon: Mikrofon (High Definition Audio
2025-05-04 13:40:15,425 [INFO] Örnekleme Hızı: 44100.0
2025-05-04 13:40:15,425 [INFO] Maksimum Giriş Kanalları: 2
2025-05-04 13:40:15,436 [INFO] Mikrofon akışı başlatıldı, dinleniyor...
2025-05-04 13:40:19,977 [INFO] Algılanan metin: merhaba
2025-05-04 13:40:30,490 [INFO] Algılanan metin: thomas
2025-05-04 13:40:38,468 [INFO] Algılanan metin: kapat
2025-05-04 13:40:38,468 [INFO] Dinleme sonlandırılıyor...
2025-05-04 13:40:41,093 [INFO] Terminating border effect process...
2025-05-04 13:40:42,370 [INFO] Application closing, cleaning up resources...
2025-05-04 13:43:50,750 [INFO] Applying audio device settings...
2025-05-04 13:43:50,750 [INFO] Selected devices: input=1, output=5
2025-05-04 13:43:50,751 [INFO] Applying audio device settings...
2025-05-04 13:43:50,751 [INFO] Selected devices: input=1, output=5
2025-05-04 13:43:50,751 [INFO] Pasif dinleme başlatılıyor...
2025-05-04 13:43:50,768 [INFO] Pasif dinleme başlatıldı... ('jarvis' komutunu bekliyor)
2025-05-04 13:43:58,298 [INFO] Pasif dinleme duydu: jarvis
2025-05-04 13:43:58,298 [INFO] WAKE WORD ALGILANDI: jarvis
2025-05-04 13:44:03,772 [INFO] Manuel dinleme başlatılıyor...
2025-05-04 13:44:04,273 [INFO] Dinleme thread'i başlatılıyor...
2025-05-04 13:44:04,274 [INFO] Dinleme başlatılıyor...
2025-05-04 13:44:04,407 [INFO] SoundDevice RawInputStream başlatılıyor...
2025-05-04 13:44:04,408 [INFO] Kullanılan mikrofon: Mikrofon (High Definition Audio
2025-05-04 13:44:04,408 [INFO] Örnekleme Hızı: 44100.0
2025-05-04 13:44:04,408 [INFO] Maksimum Giriş Kanalları: 2
2025-05-04 13:44:04,419 [INFO] Mikrofon akışı başlatıldı, dinleniyor...
2025-05-04 13:44:14,940 [INFO] Ses seviyesi: 179
2025-05-04 13:44:32,248 [INFO] Application closing, cleaning up resources...
2025-05-04 13:44:32,249 [INFO] Terminating border effect process...
2025-05-04 13:48:14,168 [INFO] Applying audio device settings...
2025-05-04 13:48:14,168 [INFO] Selected devices: input=1, output=5
2025-05-04 13:48:14,168 [INFO] Applying audio device settings...
2025-05-04 13:48:14,169 [INFO] Selected devices: input=1, output=5
2025-05-04 13:48:14,169 [INFO] Pasif dinleme başlatılıyor...
2025-05-04 13:48:14,185 [INFO] Pasif dinleme başlatıldı... ('jarvis' komutunu bekliyor)
2025-05-04 13:48:18,712 [INFO] Pasif dinleme duydu: jarvis
2025-05-04 13:48:18,713 [INFO] WAKE WORD ALGILANDI: jarvis
2025-05-04 13:48:24,529 [INFO] Manuel dinleme başlatılıyor...
2025-05-04 13:48:25,029 [INFO] Dinleme thread'i başlatılıyor...
2025-05-04 13:48:25,029 [INFO] Dinleme başlatılıyor...
2025-05-04 13:48:25,165 [INFO] SoundDevice RawInputStream başlatılıyor...
2025-05-04 13:48:25,165 [INFO] Kullanılan mikrofon: Mikrofon (High Definition Audio
2025-05-04 13:48:25,165 [INFO] Örnekleme Hızı: 44100.0
2025-05-04 13:48:25,165 [INFO] Maksimum Giriş Kanalları: 2
2025-05-04 13:48:25,176 [INFO] Mikrofon akışı başlatıldı, dinleniyor...
2025-05-04 13:48:36,394 [INFO] Application closing, cleaning up resources...
2025-05-04 13:48:36,394 [INFO] Terminating border effect process...
